<?xml version="1.0" encoding="UTF-8"?>
<!-- Generated by org.testng.reporters.JUnitReportReporter -->
<testsuite hostname="DESKTOP-2AQ875M" failures="0" tests="5" name="TestInJenkins" time="0.035" errors="0" timestamp="2024-03-01T19:58:44 IST" skipped="0">
  <testcase classname="TestInJenkins" name="testMethod2" time="0.006"/>
  <testcase classname="TestInJenkins" name="testMethod3" time="0.004"/>
  <testcase classname="TestInJenkins" name="testMethod1" time="0.020"/>
  <testcase classname="TestInJenkins" name="testMethod5" time="0.003"/>
  <testcase classname="TestInJenkins" name="testMethod4" time="0.002"/>
</testsuite> <!-- TestInJenkins -->
