<?xml version="1.0" encoding="UTF-8"?>
<!-- Generated by org.testng.reporters.JUnitReportReporter -->
<testsuite hostname="DESKTOP-2AQ875M" failures="0" tests="1" name="amazon1" time="26.284" errors="0" timestamp="2024-01-08T14:49:31 IST" skipped="0">
  <testcase classname="amazon1" name="testWebtable1" time="26.284"/>
</testsuite> <!-- amazon1 -->
