<?xml version="1.0" encoding="UTF-8"?>
<!-- Generated by org.testng.reporters.JUnitReportReporter -->
<testsuite hostname="DESKTOP-2AQ875M" failures="0" tests="2" name="WebtableCases" time="15.247" errors="0" timestamp="2024-02-27T11:53:13 IST" skipped="0">
  <testcase classname="WebtableCases" name="testWebtable1" time="7.404"/>
  <testcase classname="WebtableCases" name="testWebtableNew" time="7.843"/>
</testsuite> <!-- WebtableCases -->
