<?xml version="1.0" encoding="UTF-8"?>
<!-- Generated by org.testng.reporters.JUnitReportReporter -->
<testsuite hostname="DESKTOP-2AQ875M" failures="0" tests="4" name="api.testcases.UserTest" time="9.374" errors="0" timestamp="2024-02-27T12:01:15 IST" skipped="0">
  <testcase classname="api.testcases.UserTest" name="testCreateUser" time="4.735"/>
  <testcase classname="api.testcases.UserTest" name="testGetUserData" time="1.148"/>
  <testcase classname="api.testcases.UserTest" name="testUpdateUser" time="2.361"/>
  <testcase classname="api.testcases.UserTest" name="testDeleteUser" time="1.130"/>
</testsuite> <!-- api.testcases.UserTest -->
